build/app/intermediates/manifest_merge_blame_file/debug/manifest-merger-blame-debug-report.txt
1<?xml version="1.0" encoding="utf-8"?>
2<manifest xmlns:android="http://schemas.android.com/apk/res/android"
3    package="com.wrteam.eshop"
4    android:versionCode="1"
5    android:versionName="1.0.0" >
6
7    <uses-sdk
8        android:minSdkVersion="21"
9        android:targetSdkVersion="30" />
10    <!--
11         Flutter needs it to communicate with the running application
12         to allow setting breakpoints, to provide hot reload, etc.
13    -->
14    <uses-permission android:name="android.permission.INTERNET" />
14-->src\main\AndroidManifest.xml:22:5-67
14-->src\main\AndroidManifest.xml:22:22-64
15    <uses-permission android:name="android.permission.WRITE_EXTERNAL_STORAGE" />
15-->src\main\AndroidManifest.xml:23:5-81
15-->src\main\AndroidManifest.xml:23:22-78
16    <uses-permission android:name="android.permission.ACCESS_FINE_LOCATION" />
16-->src\main\AndroidManifest.xml:24:5-79
16-->src\main\AndroidManifest.xml:24:22-76
17    <uses-permission android:name="android.permission.READ_EXTERNAL_STORAGE" />
17-->src\main\AndroidManifest.xml:25:5-80
17-->src\main\AndroidManifest.xml:25:22-77
18    <uses-permission android:name="android.permission.ACCESS_COARSE_LOCATION" />
18-->src\main\AndroidManifest.xml:26:5-81
18-->src\main\AndroidManifest.xml:26:22-78
19    <uses-permission android:name="android.permission.RECORD_AUDIO" />
19-->src\main\AndroidManifest.xml:27:5-71
19-->src\main\AndroidManifest.xml:27:22-68
20
21    <queries>
21-->src\main\AndroidManifest.xml:29:5-33:15
22        <intent>
22-->src\main\AndroidManifest.xml:30:9-32:18
23            <action android:name="android.speech.RecognitionService" />
23-->src\main\AndroidManifest.xml:31:13-72
23-->src\main\AndroidManifest.xml:31:21-69
24        </intent>
25        <intent>
25-->[:file_picker] AndroidManifest.xml:10:9-14:18
26            <action android:name="android.intent.action.GET_CONTENT" />
26-->[:file_picker] AndroidManifest.xml:11:13-72
26-->[:file_picker] AndroidManifest.xml:11:21-69
27
28            <data android:mimeType="*/*" />
28-->[:file_picker] AndroidManifest.xml:13:13-44
28-->[:file_picker] AndroidManifest.xml:13:19-41
29        </intent>
30        <intent>
30-->[:flutter_inappwebview] AndroidManifest.xml:8:9-10:18
31            <action android:name="android.support.customtabs.action.CustomTabsService" />
31-->[:flutter_inappwebview] AndroidManifest.xml:9:13-90
31-->[:flutter_inappwebview] AndroidManifest.xml:9:21-87
32        </intent>
33        <intent>
33-->[:flutter_downloader] AndroidManifest.xml:9:9-11:18
34            <action android:name="android.intent.action.VIEW" />
34-->[:stripe_payment] AndroidManifest.xml:27:17-69
34-->[:stripe_payment] AndroidManifest.xml:27:25-66
35        </intent>
36        <intent>
36-->[com.razorpay:checkout:1.6.19] AndroidManifest.xml:12:9-18:18
37            <action android:name="android.intent.action.VIEW" />
37-->[:stripe_payment] AndroidManifest.xml:27:17-69
37-->[:stripe_payment] AndroidManifest.xml:27:25-66
38
39            <data
39-->[:file_picker] AndroidManifest.xml:13:13-44
40                android:mimeType="*/*"
40-->[:file_picker] AndroidManifest.xml:13:19-41
41                android:scheme="*" />
42        </intent>
43        <intent>
43-->[com.razorpay:checkout:1.6.19] AndroidManifest.xml:19:9-28:18
44            <action android:name="android.intent.action.VIEW" />
44-->[:stripe_payment] AndroidManifest.xml:27:17-69
44-->[:stripe_payment] AndroidManifest.xml:27:25-66
45
46            <category android:name="android.intent.category.BROWSABLE" />
46-->[:stripe_payment] AndroidManifest.xml:30:17-78
46-->[:stripe_payment] AndroidManifest.xml:30:27-75
47
48            <data
48-->[:file_picker] AndroidManifest.xml:13:13-44
49                android:host="pay"
50                android:mimeType="*/*"
50-->[:file_picker] AndroidManifest.xml:13:19-41
51                android:scheme="upi" />
52        </intent>
53        <intent>
53-->[com.razorpay:checkout:1.6.19] AndroidManifest.xml:29:9-31:18
54            <action android:name="android.intent.action.MAIN" />
54-->src\main\AndroidManifest.xml:68:17-69
54-->src\main\AndroidManifest.xml:68:25-66
55        </intent>
56        <intent>
56-->[com.razorpay:checkout:1.6.19] AndroidManifest.xml:32:9-36:18
57            <action android:name="android.intent.action.SEND" />
57-->[com.razorpay:checkout:1.6.19] AndroidManifest.xml:33:13-65
57-->[com.razorpay:checkout:1.6.19] AndroidManifest.xml:33:21-62
58
59            <data android:mimeType="*/*" />
59-->[:file_picker] AndroidManifest.xml:13:13-44
59-->[:file_picker] AndroidManifest.xml:13:19-41
60        </intent> <!-- Added to check if Chrome is installed for browser-based payment authentication (e.g. 3DS1). -->
61        <package android:name="com.android.chrome" /> <!-- Needs to be explicitly declared on Android R+ -->
61-->[com.stripe:payments-core:16.10.0] AndroidManifest.xml:13:9-54
61-->[com.stripe:payments-core:16.10.0] AndroidManifest.xml:13:18-51
62        <package android:name="com.google.android.apps.maps" /> <!-- Specific apps you interact with, eg: -->
62-->[com.google.android.gms:play-services-maps:18.0.2] AndroidManifest.xml:33:9-64
62-->[com.google.android.gms:play-services-maps:18.0.2] AndroidManifest.xml:33:18-61
63        <package android:name="com.paytm.pgsdk.TransactionManager.PAYTM_APP_PACKAGE" />
63-->[com.paytm.appinvokesdk:appinvokesdk:1.6.4] AndroidManifest.xml:12:9-88
63-->[com.paytm.appinvokesdk:appinvokesdk:1.6.4] AndroidManifest.xml:12:18-85
64    </queries>
65    <queries>
65-->src\main\AndroidManifest.xml:29:5-33:15
66
67        <!-- If your app opens https URLs -->
68        <intent>
69            <action android:name="android.intent.action.VIEW" />
69-->[:stripe_payment] AndroidManifest.xml:27:17-69
69-->[:stripe_payment] AndroidManifest.xml:27:25-66
70
71            <data android:scheme="https" />
71-->[:file_picker] AndroidManifest.xml:13:13-44
72        </intent>
73        <!-- If your app makes calls -->
74        <intent>
75            <action android:name="android.intent.action.DIAL" />
76
77            <data android:scheme="tel" />
77-->[:file_picker] AndroidManifest.xml:13:13-44
78        </intent>
79        <!-- If your app emails -->
80        <intent>
80-->[com.razorpay:checkout:1.6.19] AndroidManifest.xml:32:9-36:18
81            <action android:name="android.intent.action.SEND" />
81-->[com.razorpay:checkout:1.6.19] AndroidManifest.xml:33:13-65
81-->[com.razorpay:checkout:1.6.19] AndroidManifest.xml:33:21-62
82
83            <data android:mimeType="*/*" />
83-->[:file_picker] AndroidManifest.xml:13:13-44
83-->[:file_picker] AndroidManifest.xml:13:19-41
84        </intent>
85    </queries>
86
87    <uses-permission android:name="android.permission.WAKE_LOCK" />
87-->[:firebase_messaging] AndroidManifest.xml:8:5-68
87-->[:firebase_messaging] AndroidManifest.xml:8:22-65
88    <uses-permission android:name="android.permission.ACCESS_NETWORK_STATE" />
88-->[:firebase_messaging] AndroidManifest.xml:9:5-79
88-->[:firebase_messaging] AndroidManifest.xml:9:22-76
89    <uses-permission android:name="android.permission.RECEIVE_BOOT_COMPLETED" />
89-->[:flutter_local_notifications] AndroidManifest.xml:7:5-81
89-->[:flutter_local_notifications] AndroidManifest.xml:7:22-78
90    <uses-permission android:name="android.permission.VIBRATE" />
90-->[:flutter_local_notifications] AndroidManifest.xml:8:5-66
90-->[:flutter_local_notifications] AndroidManifest.xml:8:22-63
91    <uses-permission android:name="android.permission.USE_FULL_SCREEN_INTENT" />
91-->[:flutter_local_notifications] AndroidManifest.xml:9:5-81
91-->[:flutter_local_notifications] AndroidManifest.xml:9:22-78
92    <uses-permission android:name="android.permission.SCHEDULE_EXACT_ALARM" />
92-->[:flutter_local_notifications] AndroidManifest.xml:10:5-79
92-->[:flutter_local_notifications] AndroidManifest.xml:10:22-76
93    <uses-permission android:name="android.permission.BLUETOOTH_CONNECT" />
93-->[:speech_to_text] AndroidManifest.xml:7:5-76
93-->[:speech_to_text] AndroidManifest.xml:7:22-73
94    <uses-permission android:name="android.permission.REQUEST_INSTALL_PACKAGES" /> <!-- Required by older versions of Google Play services to create IID tokens -->
94-->[:open_file] AndroidManifest.xml:8:5-83
94-->[:open_file] AndroidManifest.xml:8:22-80
95    <uses-permission android:name="com.google.android.c2dm.permission.RECEIVE" />
95-->[com.google.firebase:firebase-messaging:23.0.5] AndroidManifest.xml:28:5-82
95-->[com.google.firebase:firebase-messaging:23.0.5] AndroidManifest.xml:28:22-79
96    <uses-permission android:name="com.google.android.gms.permission.AD_ID" />
96-->[com.google.android.gms:play-services-measurement-api:21.0.0] AndroidManifest.xml:25:5-79
96-->[com.google.android.gms:play-services-measurement-api:21.0.0] AndroidManifest.xml:25:22-76
97
98    <uses-feature
98-->[com.google.android.gms:play-services-maps:18.0.2] AndroidManifest.xml:26:5-28:35
99        android:glEsVersion="0x00020000"
99-->[com.google.android.gms:play-services-maps:18.0.2] AndroidManifest.xml:27:9-41
100        android:required="true" />
100-->[com.google.android.gms:play-services-maps:18.0.2] AndroidManifest.xml:28:9-32
101
102    <uses-permission android:name="com.google.android.finsky.permission.BIND_GET_INSTALL_REFERRER_SERVICE" />
102-->[com.google.android.gms:play-services-measurement:21.0.0] AndroidManifest.xml:26:5-110
102-->[com.google.android.gms:play-services-measurement:21.0.0] AndroidManifest.xml:26:22-107
103    <uses-permission android:name="android.permission.READ_PHONE_STATE" />
103-->[com.paytm.easypay:easypay-appinvoke:1.7.3] AndroidManifest.xml:10:5-75
103-->[com.paytm.easypay:easypay-appinvoke:1.7.3] AndroidManifest.xml:10:22-72
104    <uses-permission android:name="android.permission.FOREGROUND_SERVICE" />
104-->[androidx.work:work-runtime:2.7.1] AndroidManifest.xml:28:5-77
104-->[androidx.work:work-runtime:2.7.1] AndroidManifest.xml:28:22-74
105
106    <application
106-->src\main\AndroidManifest.xml:52:5-113:19
107        android:appComponentFactory="androidx.core.app.CoreComponentFactory"
107-->[androidx.core:core:1.8.0] AndroidManifest.xml:24:18-86
108        android:debuggable="true"
109        android:icon="@mipmap/ic_launcher"
109-->src\main\AndroidManifest.xml:53:9-43
110        android:label="eShop"
110-->src\main\AndroidManifest.xml:54:9-30
111        android:requestLegacyExternalStorage="true"
111-->src\main\AndroidManifest.xml:55:9-52
112        android:theme="@style/Theme.AppCompat.Light.NoActionBar"
112-->[:stripe_payment] AndroidManifest.xml:11:18-74
113        android:usesCleartextTraffic="true" >
113-->src\main\AndroidManifest.xml:56:9-44
114        <meta-data
114-->src\main\AndroidManifest.xml:57:9-59:71
115            android:name="com.google.android.geo.API_KEY"
115-->src\main\AndroidManifest.xml:58:13-58
116            android:value="AIzaSyBPVoSISKwgTjtZdN8Ks4DcP6mW8sp4ZEo" />
116-->src\main\AndroidManifest.xml:59:13-68
117
118        <activity
118-->src\main\AndroidManifest.xml:60:9-75:20
119            android:name="com.wrteam.eshop.MainActivity"
119-->src\main\AndroidManifest.xml:61:13-41
120            android:configChanges="orientation|keyboardHidden|keyboard|screenSize|smallestScreenSize|locale|layoutDirection|fontScale|screenLayout|density|uiMode"
120-->src\main\AndroidManifest.xml:62:13-163
121            android:hardwareAccelerated="true"
121-->src\main\AndroidManifest.xml:63:13-47
122            android:launchMode="singleTop"
122-->src\main\AndroidManifest.xml:64:13-43
123            android:theme="@style/LaunchTheme"
123-->src\main\AndroidManifest.xml:65:13-47
124            android:windowSoftInputMode="adjustResize" >
124-->src\main\AndroidManifest.xml:66:13-55
125            <intent-filter>
125-->src\main\AndroidManifest.xml:67:13-70:29
126                <action android:name="android.intent.action.MAIN" />
126-->src\main\AndroidManifest.xml:68:17-69
126-->src\main\AndroidManifest.xml:68:25-66
127
128                <category android:name="android.intent.category.LAUNCHER" />
128-->src\main\AndroidManifest.xml:69:17-77
128-->src\main\AndroidManifest.xml:69:27-74
129            </intent-filter>
130            <intent-filter>
130-->src\main\AndroidManifest.xml:71:13-74:29
131                <action android:name="FLUTTER_NOTIFICATION_CLICK" />
131-->src\main\AndroidManifest.xml:72:17-69
131-->src\main\AndroidManifest.xml:72:25-66
132
133                <category android:name="android.intent.category.DEFAULT" />
133-->src\main\AndroidManifest.xml:73:17-76
133-->src\main\AndroidManifest.xml:73:27-73
134            </intent-filter>
135        </activity>
136        <!--
137        Don't delete the meta-data below.
138        This is used by the Flutter tool to generate GeneratedPluginRegistrant.java
139        -->
140        <meta-data
140-->src\main\AndroidManifest.xml:80:9-82:33
141            android:name="flutterEmbedding"
141-->src\main\AndroidManifest.xml:81:13-44
142            android:value="2" />
142-->src\main\AndroidManifest.xml:82:13-30
143        <!-- Begin FlutterDownloader customization -->
144        <!-- disable default Initializer -->
145        <provider
146            android:name="androidx.startup.InitializationProvider"
147            android:authorities="com.wrteam.eshop.androidx-startup"
148            android:exported="false" >
149            <meta-data
149-->[androidx.emoji2:emoji2:1.0.0] AndroidManifest.xml:31:13-33:52
150                android:name="androidx.emoji2.text.EmojiCompatInitializer"
150-->[androidx.emoji2:emoji2:1.0.0] AndroidManifest.xml:32:17-75
151                android:value="androidx.startup" />
151-->[androidx.emoji2:emoji2:1.0.0] AndroidManifest.xml:33:17-49
152            <meta-data
152-->[androidx.lifecycle:lifecycle-process:2.4.0] AndroidManifest.xml:31:13-33:52
153                android:name="androidx.lifecycle.ProcessLifecycleInitializer"
153-->[androidx.lifecycle:lifecycle-process:2.4.0] AndroidManifest.xml:32:17-78
154                android:value="androidx.startup" />
154-->[androidx.lifecycle:lifecycle-process:2.4.0] AndroidManifest.xml:33:17-49
155        </provider>
156
157        <!-- declare customized Initializer -->
158        <provider
159            android:name="vn.hunghd.flutterdownloader.FlutterDownloaderInitializer"
160            android:authorities="com.wrteam.eshop.flutter-downloader-init"
161            android:exported="false" >
162
163            <!-- changes this number to configure the maximum number of concurrent tasks -->
164            <meta-data
165                android:name="vn.hunghd.flutterdownloader.MAX_CONCURRENT_TASKS"
166                android:value="5" />
167        </provider>
168        <!-- End FlutterDownloader customization -->
169        <meta-data
169-->src\main\AndroidManifest.xml:107:9-109:56
170            android:name="vn.hunghd.flutterdownloader.NOTIFICATION_ICON"
170-->src\main\AndroidManifest.xml:108:13-73
171            android:resource="@drawable/ic_launcher" />
171-->src\main\AndroidManifest.xml:109:13-53
172        <meta-data
172-->src\main\AndroidManifest.xml:110:9-112:56
173            android:name="com.google.firebase.messaging.default_notification_icon"
173-->src\main\AndroidManifest.xml:111:13-83
174            android:resource="@drawable/ic_launcher" />
174-->src\main\AndroidManifest.xml:112:13-53
175
176        <service
176-->[:firebase_messaging] AndroidManifest.xml:12:9-15:72
177            android:name="io.flutter.plugins.firebase.messaging.FlutterFirebaseMessagingBackgroundService"
177-->[:firebase_messaging] AndroidManifest.xml:13:13-107
178            android:exported="false"
178-->[:firebase_messaging] AndroidManifest.xml:14:13-37
179            android:permission="android.permission.BIND_JOB_SERVICE" />
179-->[:firebase_messaging] AndroidManifest.xml:15:13-69
180        <service
180-->[:firebase_messaging] AndroidManifest.xml:16:9-22:19
181            android:name="io.flutter.plugins.firebase.messaging.FlutterFirebaseMessagingService"
181-->[:firebase_messaging] AndroidManifest.xml:17:13-97
182            android:exported="false" >
182-->[:firebase_messaging] AndroidManifest.xml:18:13-37
183            <intent-filter>
183-->[:firebase_messaging] AndroidManifest.xml:19:13-21:29
184                <action android:name="com.google.firebase.MESSAGING_EVENT" />
184-->[:firebase_messaging] AndroidManifest.xml:20:17-78
184-->[:firebase_messaging] AndroidManifest.xml:20:25-75
185            </intent-filter>
186        </service>
187
188        <receiver
188-->[:firebase_messaging] AndroidManifest.xml:24:9-31:20
189            android:name="io.flutter.plugins.firebase.messaging.FlutterFirebaseMessagingReceiver"
189-->[:firebase_messaging] AndroidManifest.xml:25:13-98
190            android:exported="true"
190-->[:firebase_messaging] AndroidManifest.xml:26:13-36
191            android:permission="com.google.android.c2dm.permission.SEND" >
191-->[:firebase_messaging] AndroidManifest.xml:27:13-73
192            <intent-filter>
192-->[:firebase_messaging] AndroidManifest.xml:28:13-30:29
193                <action android:name="com.google.android.c2dm.intent.RECEIVE" />
193-->[:firebase_messaging] AndroidManifest.xml:29:17-81
193-->[:firebase_messaging] AndroidManifest.xml:29:25-78
194            </intent-filter>
195        </receiver>
196
197        <service
197-->[:firebase_messaging] AndroidManifest.xml:33:9-37:19
198            android:name="com.google.firebase.components.ComponentDiscoveryService"
198-->[:firebase_messaging] AndroidManifest.xml:33:18-89
199            android:directBootAware="true"
199-->[com.google.firebase:firebase-common:20.1.1] AndroidManifest.xml:35:13-43
200            android:exported="false" >
200-->[com.google.firebase:firebase-messaging:23.0.5] AndroidManifest.xml:54:13-37
201            <meta-data
201-->[:firebase_messaging] AndroidManifest.xml:34:13-36:85
202                android:name="com.google.firebase.components:io.flutter.plugins.firebase.messaging.FlutterFirebaseAppRegistrar"
202-->[:firebase_messaging] AndroidManifest.xml:35:17-128
203                android:value="com.google.firebase.components.ComponentRegistrar" />
203-->[:firebase_messaging] AndroidManifest.xml:36:17-82
204            <meta-data
204-->[:firebase_dynamic_links] AndroidManifest.xml:11:13-13:85
205                android:name="com.google.firebase.components:io.flutter.plugins.firebasedynamiclinks.FlutterFirebaseAppRegistrar"
205-->[:firebase_dynamic_links] AndroidManifest.xml:12:17-130
206                android:value="com.google.firebase.components.ComponentRegistrar" />
206-->[:firebase_dynamic_links] AndroidManifest.xml:13:17-82
207            <meta-data
207-->[:firebase_auth] AndroidManifest.xml:9:13-11:85
208                android:name="com.google.firebase.components:io.flutter.plugins.firebase.auth.FlutterFirebaseAuthRegistrar"
208-->[:firebase_auth] AndroidManifest.xml:10:17-124
209                android:value="com.google.firebase.components.ComponentRegistrar" />
209-->[:firebase_auth] AndroidManifest.xml:11:17-82
210            <meta-data
210-->[:firebase_core] AndroidManifest.xml:9:13-11:85
211                android:name="com.google.firebase.components:io.flutter.plugins.firebase.core.FlutterFirebaseCoreRegistrar"
211-->[:firebase_core] AndroidManifest.xml:10:17-124
212                android:value="com.google.firebase.components.ComponentRegistrar" />
212-->[:firebase_core] AndroidManifest.xml:11:17-82
213            <meta-data
213-->[com.google.firebase:firebase-messaging:23.0.5] AndroidManifest.xml:55:13-57:85
214                android:name="com.google.firebase.components:com.google.firebase.messaging.FirebaseMessagingRegistrar"
214-->[com.google.firebase:firebase-messaging:23.0.5] AndroidManifest.xml:56:17-119
215                android:value="com.google.firebase.components.ComponentRegistrar" />
215-->[com.google.firebase:firebase-messaging:23.0.5] AndroidManifest.xml:57:17-82
216            <meta-data
216-->[com.google.firebase:firebase-dynamic-links:21.0.1] AndroidManifest.xml:27:13-29:85
217                android:name="com.google.firebase.components:com.google.firebase.dynamiclinks.internal.FirebaseDynamicLinkRegistrar"
217-->[com.google.firebase:firebase-dynamic-links:21.0.1] AndroidManifest.xml:28:17-133
218                android:value="com.google.firebase.components.ComponentRegistrar" />
218-->[com.google.firebase:firebase-dynamic-links:21.0.1] AndroidManifest.xml:29:17-82
219            <meta-data
219-->[com.google.firebase:firebase-auth:21.0.5] AndroidManifest.xml:67:13-69:85
220                android:name="com.google.firebase.components:com.google.firebase.auth.FirebaseAuthRegistrar"
220-->[com.google.firebase:firebase-auth:21.0.5] AndroidManifest.xml:68:17-109
221                android:value="com.google.firebase.components.ComponentRegistrar" />
221-->[com.google.firebase:firebase-auth:21.0.5] AndroidManifest.xml:69:17-82
222            <meta-data
222-->[com.google.android.gms:play-services-measurement-api:21.0.0] AndroidManifest.xml:31:13-33:85
223                android:name="com.google.firebase.components:com.google.firebase.analytics.connector.internal.AnalyticsConnectorRegistrar"
223-->[com.google.android.gms:play-services-measurement-api:21.0.0] AndroidManifest.xml:32:17-139
224                android:value="com.google.firebase.components.ComponentRegistrar" />
224-->[com.google.android.gms:play-services-measurement-api:21.0.0] AndroidManifest.xml:33:17-82
225            <meta-data
225-->[com.google.firebase:firebase-datatransport:18.1.4] AndroidManifest.xml:28:13-30:85
226                android:name="com.google.firebase.components:com.google.firebase.datatransport.TransportRegistrar"
226-->[com.google.firebase:firebase-datatransport:18.1.4] AndroidManifest.xml:29:17-115
227                android:value="com.google.firebase.components.ComponentRegistrar" />
227-->[com.google.firebase:firebase-datatransport:18.1.4] AndroidManifest.xml:30:17-82
228            <meta-data
228-->[com.google.firebase:firebase-installations:17.0.1] AndroidManifest.xml:18:13-20:85
229                android:name="com.google.firebase.components:com.google.firebase.installations.FirebaseInstallationsRegistrar"
229-->[com.google.firebase:firebase-installations:17.0.1] AndroidManifest.xml:19:17-127
230                android:value="com.google.firebase.components.ComponentRegistrar" />
230-->[com.google.firebase:firebase-installations:17.0.1] AndroidManifest.xml:20:17-82
231        </service>
232
233        <provider
233-->[:firebase_messaging] AndroidManifest.xml:39:9-43:38
234            android:name="io.flutter.plugins.firebase.messaging.FlutterFirebaseMessagingInitProvider"
234-->[:firebase_messaging] AndroidManifest.xml:40:13-102
235            android:authorities="com.wrteam.eshop.flutterfirebasemessaginginitprovider"
235-->[:firebase_messaging] AndroidManifest.xml:41:13-88
236            android:exported="false"
236-->[:firebase_messaging] AndroidManifest.xml:42:13-37
237            android:initOrder="99" />
237-->[:firebase_messaging] AndroidManifest.xml:43:13-35
238
239        <receiver
239-->[:flutter_local_notifications] AndroidManifest.xml:13:9-15:40
240            android:name="com.dexterous.flutterlocalnotifications.ScheduledNotificationReceiver"
240-->[:flutter_local_notifications] AndroidManifest.xml:14:13-97
241            android:exported="false" />
241-->[:flutter_local_notifications] AndroidManifest.xml:15:13-37
242        <receiver
242-->[:flutter_local_notifications] AndroidManifest.xml:16:9-25:20
243            android:name="com.dexterous.flutterlocalnotifications.ScheduledNotificationBootReceiver"
243-->[:flutter_local_notifications] AndroidManifest.xml:17:13-101
244            android:exported="false" >
244-->[:flutter_local_notifications] AndroidManifest.xml:18:13-37
245            <intent-filter>
245-->[:flutter_local_notifications] AndroidManifest.xml:19:13-24:29
246                <action android:name="android.intent.action.BOOT_COMPLETED" />
246-->[:flutter_local_notifications] AndroidManifest.xml:20:17-79
246-->[:flutter_local_notifications] AndroidManifest.xml:20:25-76
247                <action android:name="android.intent.action.MY_PACKAGE_REPLACED" />
247-->[:flutter_local_notifications] AndroidManifest.xml:21:17-84
247-->[:flutter_local_notifications] AndroidManifest.xml:21:25-81
248                <action android:name="android.intent.action.QUICKBOOT_POWERON" />
248-->[:flutter_local_notifications] AndroidManifest.xml:22:17-82
248-->[:flutter_local_notifications] AndroidManifest.xml:22:25-79
249                <action android:name="com.htc.intent.action.QUICKBOOT_POWERON" />
249-->[:flutter_local_notifications] AndroidManifest.xml:23:17-82
249-->[:flutter_local_notifications] AndroidManifest.xml:23:25-79
250            </intent-filter>
251        </receiver>
252
253        <activity
253-->[:flutter_inappwebview] AndroidManifest.xml:14:9-18:47
254            android:name="com.pichillilorenzo.flutter_inappwebview.in_app_browser.InAppBrowserActivity"
254-->[:flutter_inappwebview] AndroidManifest.xml:15:13-104
255            android:configChanges="orientation|keyboardHidden|keyboard|screenSize|locale|layoutDirection|fontScale|screenLayout|density"
255-->[:flutter_inappwebview] AndroidManifest.xml:16:13-137
256            android:exported="true"
256-->[:flutter_inappwebview] AndroidManifest.xml:17:13-36
257            android:theme="@style/AppTheme" />
257-->[:flutter_inappwebview] AndroidManifest.xml:18:13-44
258        <activity
258-->[:flutter_inappwebview] AndroidManifest.xml:19:9-22:55
259            android:name="com.pichillilorenzo.flutter_inappwebview.chrome_custom_tabs.ChromeCustomTabsActivity"
259-->[:flutter_inappwebview] AndroidManifest.xml:20:13-112
260            android:exported="true"
260-->[:flutter_inappwebview] AndroidManifest.xml:21:13-36
261            android:theme="@style/ThemeTransparent" />
261-->[:flutter_inappwebview] AndroidManifest.xml:22:13-52
262        <activity
262-->[:flutter_inappwebview] AndroidManifest.xml:23:9-26:55
263            android:name="com.pichillilorenzo.flutter_inappwebview.chrome_custom_tabs.TrustedWebActivity"
263-->[:flutter_inappwebview] AndroidManifest.xml:24:13-106
264            android:exported="true"
264-->[:flutter_inappwebview] AndroidManifest.xml:25:13-36
265            android:theme="@style/ThemeTransparent" />
265-->[:flutter_inappwebview] AndroidManifest.xml:26:13-52
266        <activity
266-->[:flutter_inappwebview] AndroidManifest.xml:27:9-31:55
267            android:name="com.pichillilorenzo.flutter_inappwebview.chrome_custom_tabs.ChromeCustomTabsActivitySingleInstance"
267-->[:flutter_inappwebview] AndroidManifest.xml:28:13-126
268            android:exported="true"
268-->[:flutter_inappwebview] AndroidManifest.xml:29:13-36
269            android:launchMode="singleInstance"
269-->[:flutter_inappwebview] AndroidManifest.xml:30:13-48
270            android:theme="@style/ThemeTransparent" />
270-->[:flutter_inappwebview] AndroidManifest.xml:31:13-52
271        <activity
271-->[:flutter_inappwebview] AndroidManifest.xml:32:9-36:55
272            android:name="com.pichillilorenzo.flutter_inappwebview.chrome_custom_tabs.TrustedWebActivitySingleInstance"
272-->[:flutter_inappwebview] AndroidManifest.xml:33:13-120
273            android:exported="true"
273-->[:flutter_inappwebview] AndroidManifest.xml:34:13-36
274            android:launchMode="singleInstance"
274-->[:flutter_inappwebview] AndroidManifest.xml:35:13-48
275            android:theme="@style/ThemeTransparent" />
275-->[:flutter_inappwebview] AndroidManifest.xml:36:13-52
276
277        <receiver
277-->[:flutter_inappwebview] AndroidManifest.xml:38:9-41:40
278            android:name="com.pichillilorenzo.flutter_inappwebview.chrome_custom_tabs.ActionBroadcastReceiver"
278-->[:flutter_inappwebview] AndroidManifest.xml:39:13-111
279            android:enabled="true"
279-->[:flutter_inappwebview] AndroidManifest.xml:40:13-35
280            android:exported="false" />
280-->[:flutter_inappwebview] AndroidManifest.xml:41:13-37
281
282        <meta-data
282-->[:flutter_inappwebview] AndroidManifest.xml:43:9-45:36
283            android:name="io.flutter.embedded_views_preview"
283-->[:flutter_inappwebview] AndroidManifest.xml:44:13-61
284            android:value="true" />
284-->[:flutter_inappwebview] AndroidManifest.xml:45:13-33
285
286        <provider
286-->[:share] AndroidManifest.xml:8:9-16:20
287            android:name="io.flutter.plugins.share.ShareFileProvider"
287-->[:share] AndroidManifest.xml:9:13-70
288            android:authorities="com.wrteam.eshop.flutter.share_provider"
288-->[:share] AndroidManifest.xml:10:13-74
289            android:exported="false"
289-->[:share] AndroidManifest.xml:11:13-37
290            android:grantUriPermissions="true" >
290-->[:share] AndroidManifest.xml:12:13-47
291            <meta-data
291-->[:share] AndroidManifest.xml:13:13-15:68
292                android:name="android.support.FILE_PROVIDER_PATHS"
292-->[:share] AndroidManifest.xml:14:17-67
293                android:resource="@xml/flutter_share_file_paths" />
293-->[:share] AndroidManifest.xml:15:17-65
294        </provider>
295        <provider
295-->[:image_picker_android] AndroidManifest.xml:8:9-16:20
296            android:name="io.flutter.plugins.imagepicker.ImagePickerFileProvider"
296-->[:image_picker_android] AndroidManifest.xml:9:13-82
297            android:authorities="com.wrteam.eshop.flutter.image_provider"
297-->[:image_picker_android] AndroidManifest.xml:10:13-74
298            android:exported="false"
298-->[:image_picker_android] AndroidManifest.xml:11:13-37
299            android:grantUriPermissions="true" >
299-->[:image_picker_android] AndroidManifest.xml:12:13-47
300            <meta-data
300-->[:share] AndroidManifest.xml:13:13-15:68
301                android:name="android.support.FILE_PROVIDER_PATHS"
301-->[:share] AndroidManifest.xml:14:17-67